<html>
<head>
<title>TestNG:  Regression Test</title>
<link href="../testng.css" rel="stylesheet" type="text/css" />
<link href="../my-testng.css" rel="stylesheet" type="text/css" />

<style type="text/css">
.log { display: none;} 
.stack-trace { display: none;} 
</style>
<script type="text/javascript">
<!--
function flip(e) {
  current = e.style.display;
  if (current == 'block') {
    e.style.display = 'none';
    return 0;
  }
  else {
    e.style.display = 'block';
    return 1;
  }
}

function toggleBox(szDivId, elem, msg1, msg2)
{
  var res = -1;  if (document.getElementById) {
    res = flip(document.getElementById(szDivId));
  }
  else if (document.all) {
    // this is the way old msie versions work
    res = flip(document.all[szDivId]);
  }
  if(elem) {
    if(res == 0) elem.innerHTML = msg1; else elem.innerHTML = msg2;
  }

}

function toggleAllBoxes() {
  if (document.getElementsByTagName) {
    d = document.getElementsByTagName('div');
    for (i = 0; i < d.length; i++) {
      if (d[i].className == 'log') {
        flip(d[i]);
      }
    }
  }
}

// -->
</script>

</head>
<body>
<h2 align='center'>Regression Test</h2><table border='1' align="center">
<tr>
<td>Tests passed/Failed/Skipped:</td><td>0/1/0</td>
</tr><tr>
<td>Started on:</td><td>Tue Apr 12 22:44:38 EDT 2022</td>
</tr>
<tr><td>Total time:</td><td>5 seconds (5331 ms)</td>
</tr><tr>
<td>Included groups:</td><td></td>
</tr><tr>
<td>Excluded groups:</td><td></td>
</tr>
</table><p/>
<small><i>(Hover the method name to see the test class name)</i></small><p/>
<table width='100%' border='1' class='invocation-failed'>
<tr><td colspan='4' align='center'><b>FAILED TESTS</b></td></tr>
<tr><td><b>Test method</b></td>
<td width="30%"><b>Exception</b></td>
<td width="10%"><b>Time (seconds)</b></td>
<td><b>Instance</b></td>
</tr>
<tr>
<td title='runners.BeatTheBootCampRunnerTest.runScenario()'><b>runScenario</b><br>Test class: runners.BeatTheBootCampRunnerTest<br>Test method: Runs Cucumber Scenarios<br>Parameters: "Verify that Homepage has 5 sliders", "Optional[Home Page Feature]"</td>
<td><div><pre>java.lang.AssertionError: FAILED! Expect 5 sliders but actual sliders are 7 expected:&lt;5&gt; but was:&lt;7&gt;
	at org.junit.Assert.fail(Assert.java:89)
	at org.junit.Assert.failNotEquals(Assert.java:835)
	at org.junit.Assert.assertEquals(Assert.java:647)
	at pages.Fitness_HomePage.checkImageSlider(Fitness_HomePage.java:72)
	at stepdefinitions.US004_Fitness_By_Henry_StepDef.test_for_and_see_image_sliders_only(US004_Fitness_By_Henry_StepDef.java:27)
	at ?.Test for 5 image sliders only(file:///C:/Users/Henry/Documents/TechCircle/BeatTheBootCampBatch9/src/test/resources/features/US004_Fitness_By_Henry.feature:15)
</pre></div><a href='#' onClick='toggleBox("stack-trace119420356", this, "Click to show all stack frames", "Click to hide stack frames")'>Click to show all stack frames</a>
<div class='stack-trace' id='stack-trace119420356'><pre>java.lang.AssertionError: FAILED! Expect 5 sliders but actual sliders are 7 expected:&lt;5&gt; but was:&lt;7&gt;
	at org.junit.Assert.fail(Assert.java:89)
	at org.junit.Assert.failNotEquals(Assert.java:835)
	at org.junit.Assert.assertEquals(Assert.java:647)
	at pages.Fitness_HomePage.checkImageSlider(Fitness_HomePage.java:72)
	at stepdefinitions.US004_Fitness_By_Henry_StepDef.test_for_and_see_image_sliders_only(US004_Fitness_By_Henry_StepDef.java:27)
	at ?.Test for 5 image sliders only(file:///C:/Users/Henry/Documents/TechCircle/BeatTheBootCampBatch9/src/test/resources/features/US004_Fitness_By_Henry.feature:15)
</pre></div></td>
<td>4</td>
<td>runners.BeatTheBootCampRunnerTest@2c35e847</td></tr>
</table><p>
</body>
</html>